{"meta": {"format": 3, "version": "7.14.1", "timestamp": "2026-05-31T20:32:34.598950", "branch_coverage": false, "show_contexts": false}, "files": {"src\\__init__.py": {"executed_lines": [], "summary": {"covered_lines": 0, "num_statements": 0, "percent_covered": 100.0, "percent_covered_display": "100", "missing_lines": 0, "excluded_lines": 0, "percent_statements_covered": 100.0, "percent_statements_covered_display": "100"}, "missing_lines": [], "excluded_lines": [], "functions": {"": {"executed_lines": [], "summary": {"covered_lines": 0, "num_statements": 0, "percent_covered": 100.0, "percent_covered_display": "100", "missing_lines": 0, "excluded_lines": 0, "percent_statements_covered": 100.0, "percent_statements_covered_display": "100"}, "missing_lines": [], "excluded_lines": [], "start_line": 1}}, "classes": {"": {"executed_lines": [], "summary": {"covered_lines": 0, "num_statements": 0, "percent_covered": 100.0, "percent_covered_display": "100", "missing_lines": 0, "excluded_lines": 0, "percent_statements_covered": 100.0, "percent_statements_covered_display": "100"}, "missing_lines": [], "excluded_lines": [], "start_line": 1}}}, "src\\taloside_pipeline\\__init__.py": {"executed_lines": [7, 8, 10, 17, 24, 27, 29], "summary": {"covered_lines": 7, "num_statements": 7, "percent_covered": 100.0, "percent_covered_display": "100", "missing_lines": 0, "excluded_lines": 0, "percent_statements_covered": 100.0, "percent_statements_covered_display": "100"}, "missing_lines": [], "excluded_lines": [], "functions": {"": {"executed_lines": [7, 8, 10, 17, 24, 27, 29], "summary": {"covered_lines": 7, "num_statements": 7, "percent_covered": 100.0, "percent_covered_display": "100", "missing_lines": 0, "excluded_lines": 0, "percent_statements_covered": 100.0, "percent_statements_covered_display": "100"}, "missing_lines": [], "excluded_lines": [], "start_line": 1}}, "classes": {"": {"executed_lines": [7, 8, 10, 17, 24, 27, 29], "summary": {"covered_lines": 7, "num_statements": 7, "percent_covered": 100.0, "percent_covered_display": "100", "missing_lines": 0, "excluded_lines": 0, "percent_statements_covered": 100.0, "percent_statements_covered_display": "100"}, "missing_lines": [], "excluded_lines": [], "start_line": 1}}}, "src\\taloside_pipeline\\descriptor_calculator.py": {"executed_lines": [9, 10, 11, 12, 13, 14, 15, 16, 18, 21, 31, 32, 33, 39, 49, 59, 69, 70, 72, 73, 75, 76, 77, 82, 84, 85, 87, 88, 90, 93, 100, 114, 124, 125, 127, 128, 130, 131, 132, 134, 137, 182], "summary": {"covered_lines": 42, "num_statements": 63, "percent_covered": 66.66666666666667, "percent_covered_display": "67", "missing_lines": 21, "excluded_lines": 0, "percent_statements_covered": 66.66666666666667, "percent_statements_covered_display": "67"}, "missing_lines": [34, 35, 36, 139, 149, 155, 158, 163, 164, 165, 167, 168, 169, 171, 172, 174, 175, 177, 178, 179, 183], "excluded_lines": [], "functions": {"validate_smiles": {"executed_lines": [31, 32, 33], "summary": {"covered_lines": 3, "num_statements": 6, "percent_covered": 50.0, "percent_covered_display": "50", "missing_lines": 3, "excluded_lines": 0, "percent_statements_covered": 50.0, "percent_statements_covered_display": "50"}, "missing_lines": [34, 35, 36], "excluded_lines": [], "start_line": 21}, "calculate_descriptors": {"executed_lines": [49], "summary": {"covered_lines": 1, "num_statements": 1, "percent_covered": 100.0, "percent_covered_display": "100", "missing_lines": 0, "excluded_lines": 0, "percent_statements_covered": 100.0, "percent_statements_covered_display": "100"}, "missing_lines": [], "excluded_lines": [], "start_line": 39}, "process_compounds": {"executed_lines": [69, 70, 72, 73, 75, 76, 77, 82, 84, 85, 87, 88, 90], "summary": {"covered_lines": 13, "num_statements": 13, "percent_covered": 100.0, "percent_covered_display": "100", "missing_lines": 0, "excluded_lines": 0, "percent_statements_covered": 100.0, "percent_statements_covered_display": "100"}, "missing_lines": [], "excluded_lines": [], "start_line": 59}, "load_compounds_from_dict": {"executed_lines": [100], "summary": {"covered_lines": 1, "num_statements": 1, "percent_covered": 100.0, "percent_covered_display": "100", "missing_lines": 0, "excluded_lines": 0, "percent_statements_covered": 100.0, "percent_statements_covered_display": "100"}, "missing_lines": [], "excluded_lines": [], "start_line": 93}, "calculate_library_descriptors": {"executed_lines": [124, 125, 127, 128, 130, 131, 132, 134], "summary": {"covered_lines": 8, "num_statements": 8, "percent_covered": 100.0, "percent_covered_display": "100", "missing_lines": 0, "excluded_lines": 0, "percent_statements_covered": 100.0, "percent_statements_covered_display": "100"}, "missing_lines": [], "excluded_lines": [], "start_line": 114}, "main": {"executed_lines": [], "summary": {"covered_lines": 0, "num_statements": 17, "percent_covered": 0.0, "percent_covered_display": "0", "missing_lines": 17, "excluded_lines": 0, "percent_statements_covered": 0.0, "percent_statements_covered_display": "0"}, "missing_lines": [139, 149, 155, 158, 163, 164, 165, 167, 168, 169, 171, 172, 174, 175, 177, 178, 179], "excluded_lines": [], "start_line": 137}, "": {"executed_lines": [9, 10, 11, 12, 13, 14, 15, 16, 18, 21, 39, 59, 93, 114, 137, 182], "summary": {"covered_lines": 16, "num_statements": 17, "percent_covered": 94.11764705882354, "percent_covered_display": "94", "missing_lines": 1, "excluded_lines": 0, "percent_statements_covered": 94.11764705882354, "percent_statements_covered_display": "94"}, "missing_lines": [183], "excluded_lines": [], "start_line": 1}}, "classes": {"": {"executed_lines": [9, 10, 11, 12, 13, 14, 15, 16, 18, 21, 31, 32, 33, 39, 49, 59, 69, 70, 72, 73, 75, 76, 77, 82, 84, 85, 87, 88, 90, 93, 100, 114, 124, 125, 127, 128, 130, 131, 132, 134, 137, 182], "summary": {"covered_lines": 42, "num_statements": 63, "percent_covered": 66.66666666666667, "percent_covered_display": "67", "missing_lines": 21, "excluded_lines": 0, "percent_statements_covered": 66.66666666666667, "percent_statements_covered_display": "67"}, "missing_lines": [34, 35, 36, 139, 149, 155, 158, 163, 164, 165, 167, 168, 169, 171, 172, 174, 175, 177, 178, 179, 183], "excluded_lines": [], "start_line": 1}}}, "src\\taloside_pipeline\\glycolibrary_generator.py": {"executed_lines": [32, 33, 34, 35, 36, 38, 39, 40, 41, 48, 49, 51, 52, 53, 54, 55, 56, 57, 60, 61, 62, 63, 64, 66, 67, 68, 71, 73, 84, 87, 94, 95, 96, 97, 99, 105, 114, 115, 123, 124, 125, 128, 133, 134, 139, 141, 142, 143, 144, 145, 146, 147, 148, 149, 150, 157, 171, 183, 195, 201, 212, 219, 231, 240, 258, 259, 260, 263, 264, 265, 267, 272, 273, 274, 275, 276, 280, 282, 287, 289, 292, 293, 294, 295, 297, 298, 300, 301, 302, 303, 305, 306, 307, 308, 310, 313, 314, 319, 322, 323, 324, 325, 328, 329, 330, 331, 332, 334, 335, 341, 342, 348, 350, 358, 359, 360, 361, 363, 364, 366, 367, 371, 372, 373, 375, 376, 384, 385, 386, 388, 389, 392, 394, 395, 399, 405, 406, 410, 417, 418, 423, 424, 426, 429, 432, 433, 434, 435, 436, 437, 438, 439, 440, 445, 446, 447, 448, 450, 466, 467, 469, 471, 472, 473, 474, 475, 476, 478, 480, 487, 498, 512, 513, 514, 515, 523, 524, 525, 528], "summary": {"covered_lines": 179, "num_statements": 243, "percent_covered": 73.66255144032922, "percent_covered_display": "74", "missing_lines": 64, "excluded_lines": 0, "percent_statements_covered": 73.66255144032922, "percent_statements_covered_display": "74"}, "missing_lines": [74, 75, 76, 82, 98, 100, 101, 102, 116, 117, 118, 119, 120, 121, 122, 135, 136, 266, 277, 278, 279, 283, 288, 304, 315, 316, 317, 326, 327, 336, 345, 346, 368, 369, 377, 378, 382, 387, 390, 407, 408, 411, 415, 419, 420, 425, 427, 428, 441, 442, 443, 481, 482, 483, 484, 485, 488, 489, 490, 491, 492, 494, 495, 529], "excluded_lines": [], "functions": {"configure_logging": {"executed_lines": [61, 62, 63, 64, 66, 67, 68, 71, 73, 84], "summary": {"covered_lines": 10, "num_statements": 14, "percent_covered": 71.42857142857143, "percent_covered_display": "71", "missing_lines": 4, "excluded_lines": 0, "percent_statements_covered": 71.42857142857143, "percent_statements_covered_display": "71"}, "missing_lines": [74, 75, 76, 82], "excluded_lines": [], "start_line": 60}, "validate_smiles": {"executed_lines": [95, 96, 97, 99], "summary": {"covered_lines": 4, "num_statements": 8, "percent_covered": 50.0, "percent_covered_display": "50", "missing_lines": 4, "excluded_lines": 0, "percent_statements_covered": 50.0, "percent_statements_covered_display": "50"}, "missing_lines": [98, 100, 101, 102], "excluded_lines": [], "start_line": 94}, "standardize_mol": {"executed_lines": [114, 115, 123, 124, 125], "summary": {"covered_lines": 5, "num_statements": 12, "percent_covered": 41.666666666666664, "percent_covered_display": "42", "missing_lines": 7, "excluded_lines": 0, "percent_statements_covered": 41.666666666666664, "percent_statements_covered_display": "42"}, "missing_lines": [116, 117, 118, 119, 120, 121, 122], "excluded_lines": [], "start_line": 105}, "mol_to_inchikey": {"executed_lines": [133, 134], "summary": {"covered_lines": 2, "num_statements": 4, "percent_covered": 50.0, "percent_covered_display": "50", "missing_lines": 2, "excluded_lines": 0, "percent_statements_covered": 50.0, "percent_statements_covered_display": "50"}, "missing_lines": [135, 136], "excluded_lines": [], "start_line": 128}, "infer_triazole_regioisomer": {"executed_lines": [141, 142, 143, 144, 145, 146, 147, 148, 149, 150], "summary": {"covered_lines": 10, "num_statements": 10, "percent_covered": 100.0, "percent_covered_display": "100", "missing_lines": 0, "excluded_lines": 0, "percent_statements_covered": 100.0, "percent_statements_covered_display": "100"}, "missing_lines": [], "excluded_lines": [], "start_line": 139}, "GlycoLibraryGenerator.__init__": {"executed_lines": [258, 259, 260, 263, 264, 265, 267, 272, 273, 274, 275, 276, 280, 282, 287, 289, 292, 293, 294, 295, 297, 298], "summary": {"covered_lines": 22, "num_statements": 28, "percent_covered": 78.57142857142857, "percent_covered_display": "79", "missing_lines": 6, "excluded_lines": 0, "percent_statements_covered": 78.57142857142857, "percent_statements_covered_display": "79"}, "missing_lines": [266, 277, 278, 279, 283, 288], "excluded_lines": [], "start_line": 240}, "GlycoLibraryGenerator._parse_reaction_smarts": {"executed_lines": [301, 302, 303, 305, 306, 307, 308], "summary": {"covered_lines": 7, "num_statements": 8, "percent_covered": 87.5, "percent_covered_display": "88", "missing_lines": 1, "excluded_lines": 0, "percent_statements_covered": 87.5, "percent_statements_covered_display": "88"}, "missing_lines": [304], "excluded_lines": [], "start_line": 300}, "GlycoLibraryGenerator._apply_reaction": {"executed_lines": [313, 314], "summary": {"covered_lines": 2, "num_statements": 5, "percent_covered": 40.0, "percent_covered_display": "40", "missing_lines": 3, "excluded_lines": 0, "percent_statements_covered": 40.0, "percent_statements_covered_display": "40"}, "missing_lines": [315, 316, 317], "excluded_lines": [], "start_line": 310}, "GlycoLibraryGenerator._sanitize_and_validate_product": {"executed_lines": [322, 323, 324, 325, 328, 329, 330, 331, 332, 334, 335, 341, 342, 348], "summary": {"covered_lines": 14, "num_statements": 19, "percent_covered": 73.6842105263158, "percent_covered_display": "74", "missing_lines": 5, "excluded_lines": 0, "percent_statements_covered": 73.6842105263158, "percent_statements_covered_display": "74"}, "missing_lines": [326, 327, 336, 345, 346], "excluded_lines": [], "start_line": 319}, "GlycoLibraryGenerator.generate_library": {"executed_lines": [358, 359, 360, 361, 363, 364, 366, 367, 371, 372, 373, 375, 376, 384, 385, 386, 388, 389, 392, 394, 395, 399, 405, 406, 410, 417, 418, 423, 424, 426, 429, 432, 433, 434, 435, 436, 437, 438, 439, 440, 445, 446, 447, 448, 450, 466, 467, 469, 471, 472, 473, 474, 475, 476, 478], "summary": {"covered_lines": 55, "num_statements": 74, "percent_covered": 74.32432432432432, "percent_covered_display": "74", "missing_lines": 19, "excluded_lines": 0, "percent_statements_covered": 74.32432432432432, "percent_statements_covered_display": "74"}, "missing_lines": [368, 369, 377, 378, 382, 387, 390, 407, 408, 411, 415, 419, 420, 425, 427, 428, 441, 442, 443], "excluded_lines": [], "start_line": 350}, "GlycoLibraryGenerator.export_library": {"executed_lines": [], "summary": {"covered_lines": 0, "num_statements": 5, "percent_covered": 0.0, "percent_covered_display": "0", "missing_lines": 5, "excluded_lines": 0, "percent_statements_covered": 0.0, "percent_statements_covered_display": "0"}, "missing_lines": [481, 482, 483, 484, 485], "excluded_lines": [], "start_line": 480}, "GlycoLibraryGenerator.export_failed_products": {"executed_lines": [], "summary": {"covered_lines": 0, "num_statements": 7, "percent_covered": 0.0, "percent_covered_display": "0", "missing_lines": 7, "excluded_lines": 0, "percent_statements_covered": 0.0, "percent_statements_covered_display": "0"}, "missing_lines": [488, 489, 490, 491, 492, 494, 495], "excluded_lines": [], "start_line": 487}, "generate_triazole_library": {"executed_lines": [512, 513, 514, 515, 523, 524, 525], "summary": {"covered_lines": 7, "num_statements": 7, "percent_covered": 100.0, "percent_covered_display": "100", "missing_lines": 0, "excluded_lines": 0, "percent_statements_covered": 100.0, "percent_statements_covered_display": "100"}, "missing_lines": [], "excluded_lines": [], "start_line": 498}, "": {"executed_lines": [32, 33, 34, 35, 36, 38, 39, 40, 41, 48, 49, 51, 52, 53, 54, 55, 56, 57, 60, 87, 94, 105, 128, 139, 157, 171, 183, 195, 201, 212, 219, 231, 240, 300, 310, 319, 350, 480, 487, 498, 528], "summary": {"covered_lines": 41, "num_statements": 42, "percent_covered": 97.61904761904762, "percent_covered_display": "98", "missing_lines": 1, "excluded_lines": 0, "percent_statements_covered": 97.61904761904762, "percent_statements_covered_display": "98"}, "missing_lines": [529], "excluded_lines": [], "start_line": 1}}, "classes": {"LibraryConfig": {"executed_lines": [], "summary": {"covered_lines": 0, "num_statements": 0, "percent_covered": 100.0, "percent_covered_display": "100", "missing_lines": 0, "excluded_lines": 0, "percent_statements_covered": 100.0, "percent_statements_covered_display": "100"}, "missing_lines": [], "excluded_lines": [], "start_line": 49}, "ReactionSMARTS": {"executed_lines": [], "summary": {"covered_lines": 0, "num_statements": 0, "percent_covered": 100.0, "percent_covered_display": "100", "missing_lines": 0, "excluded_lines": 0, "percent_statements_covered": 100.0, "percent_statements_covered_display": "100"}, "missing_lines": [], "excluded_lines": [], "start_line": 157}, "GlycoLibraryGenerator": {"executed_lines": [258, 259, 260, 263, 264, 265, 267, 272, 273, 274, 275, 276, 280, 282, 287, 289, 292, 293, 294, 295, 297, 298, 301, 302, 303, 305, 306, 307, 308, 313, 314, 322, 323, 324, 325, 328, 329, 330, 331, 332, 334, 335, 341, 342, 348, 358, 359, 360, 361, 363, 364, 366, 367, 371, 372, 373, 375, 376, 384, 385, 386, 388, 389, 392, 394, 395, 399, 405, 406, 410, 417, 418, 423, 424, 426, 429, 432, 433, 434, 435, 436, 437, 438, 439, 440, 445, 446, 447, 448, 450, 466, 467, 469, 471, 472, 473, 474, 475, 476, 478], "summary": {"covered_lines": 100, "num_statements": 146, "percent_covered": 68.4931506849315, "percent_covered_display": "68", "missing_lines": 46, "excluded_lines": 0, "percent_statements_covered": 68.4931506849315, "percent_statements_covered_display": "68"}, "missing_lines": [266, 277, 278, 279, 283, 288, 304, 315, 316, 317, 326, 327, 336, 345, 346, 368, 369, 377, 378, 382, 387, 390, 407, 408, 411, 415, 419, 420, 425, 427, 428, 441, 442, 443, 481, 482, 483, 484, 485, 488, 489, 490, 491, 492, 494, 495], "excluded_lines": [], "start_line": 231}, "": {"executed_lines": [32, 33, 34, 35, 36, 38, 39, 40, 41, 48, 49, 51, 52, 53, 54, 55, 56, 57, 60, 61, 62, 63, 64, 66, 67, 68, 71, 73, 84, 87, 94, 95, 96, 97, 99, 105, 114, 115, 123, 124, 125, 128, 133, 134, 139, 141, 142, 143, 144, 145, 146, 147, 148, 149, 150, 157, 171, 183, 195, 201, 212, 219, 231, 240, 300, 310, 319, 350, 480, 487, 498, 512, 513, 514, 515, 523, 524, 525, 528], "summary": {"covered_lines": 79, "num_statements": 97, "percent_covered": 81.44329896907216, "percent_covered_display": "81", "missing_lines": 18, "excluded_lines": 0, "percent_statements_covered": 81.44329896907216, "percent_statements_covered_display": "81"}, "missing_lines": [74, 75, 76, 82, 98, 100, 101, 102, 116, 117, 118, 119, 120, 121, 122, 135, 136, 529], "excluded_lines": [], "start_line": 1}}}, "src\\taloside_pipeline\\library_generator.py": {"executed_lines": [7], "summary": {"covered_lines": 1, "num_statements": 1, "percent_covered": 100.0, "percent_covered_display": "100", "missing_lines": 0, "excluded_lines": 0, "percent_statements_covered": 100.0, "percent_statements_covered_display": "100"}, "missing_lines": [], "excluded_lines": [], "functions": {"": {"executed_lines": [7], "summary": {"covered_lines": 1, "num_statements": 1, "percent_covered": 100.0, "percent_covered_display": "100", "missing_lines": 0, "excluded_lines": 0, "percent_statements_covered": 100.0, "percent_statements_covered_display": "100"}, "missing_lines": [], "excluded_lines": [], "start_line": 1}}, "classes": {"": {"executed_lines": [7], "summary": {"covered_lines": 1, "num_statements": 1, "percent_covered": 100.0, "percent_covered_display": "100", "missing_lines": 0, "excluded_lines": 0, "percent_statements_covered": 100.0, "percent_statements_covered_display": "100"}, "missing_lines": [], "excluded_lines": [], "start_line": 1}}}, "src\\taloside_pipeline\\phase2_integration.py": {"executed_lines": [35, 36, 37, 38, 39, 41, 42, 44, 45, 62, 69, 85, 86, 88, 89, 90, 91, 93, 94, 95, 97, 98, 99, 100, 101, 102, 103, 104, 106, 107, 108, 116, 117, 119, 120, 131, 132, 133, 135, 136, 137, 138, 148, 167, 168, 169, 170, 171, 173, 174, 175, 176, 178, 184, 185, 187, 188, 189, 192, 199, 213, 214, 215, 217, 219, 220, 221, 222, 223, 224, 225, 226, 227, 228, 229, 231, 232, 236, 237, 239, 240, 244, 246, 247, 249, 251, 252, 253, 254, 259, 260, 261, 271, 272, 273, 275, 276, 277, 278, 280, 287, 308, 309, 315, 316, 318, 324, 325, 332, 338, 343, 354, 363, 364, 365, 368, 375, 379, 380, 381, 382, 385, 386, 387, 388, 391, 392, 393, 394, 397, 398, 399, 402, 404, 405, 415, 417, 418, 419, 424, 425, 426, 428, 430, 440, 441, 442, 443, 446, 447, 448, 449, 450, 451, 452, 454, 456, 457, 458, 459, 460, 462, 463, 464, 466, 477], "summary": {"covered_lines": 166, "num_statements": 188, "percent_covered": 88.29787234042553, "percent_covered_display": "88", "missing_lines": 22, "excluded_lines": 2, "percent_statements_covered": 88.29787234042553, "percent_statements_covered_display": "88"}, "missing_lines": [105, 109, 110, 114, 139, 140, 141, 241, 242, 255, 256, 257, 263, 264, 265, 266, 267, 268, 269, 376, 377, 478], "excluded_lines": [52, 53], "functions": {"PAINSFilter._get_catalog": {"executed_lines": [90, 91, 93, 94, 95, 97, 98, 99, 100, 101, 102, 103, 104, 106, 107, 108, 116, 117], "summary": {"covered_lines": 18, "num_statements": 22, "percent_covered": 81.81818181818181, "percent_covered_display": "82", "missing_lines": 4, "excluded_lines": 0, "percent_statements_covered": 81.81818181818181, "percent_statements_covered_display": "82"}, "missing_lines": [105, 109, 110, 114], "excluded_lines": [], "start_line": 89}, "PAINSFilter.screen_molecule": {"executed_lines": [131, 132, 133, 135, 136, 137, 138], "summary": {"covered_lines": 7, "num_statements": 10, "percent_covered": 70.0, "percent_covered_display": "70", "missing_lines": 3, "excluded_lines": 0, "percent_statements_covered": 70.0, "percent_statements_covered_display": "70"}, "missing_lines": [139, 140, 141], "excluded_lines": [], "start_line": 120}, "apply_lipinski_filter": {"executed_lines": [167, 168, 169, 170, 171, 173, 174, 175, 176, 178, 184, 185, 187, 188, 189, 192], "summary": {"covered_lines": 16, "num_statements": 16, "percent_covered": 100.0, "percent_covered_display": "100", "missing_lines": 0, "excluded_lines": 0, "percent_statements_covered": 100.0, "percent_statements_covered_display": "100"}, "missing_lines": [], "excluded_lines": [], "start_line": 148}, "apply_pains_filter": {"executed_lines": [213, 214, 215, 217, 219, 220, 221, 222, 223, 224, 225, 226, 227, 228, 229, 231, 232, 236, 237, 239, 240, 244, 246, 247, 249, 251, 252, 253, 254, 259, 260, 261, 271, 272, 273, 275, 276, 277, 278, 280], "summary": {"covered_lines": 40, "num_statements": 52, "percent_covered": 76.92307692307692, "percent_covered_display": "77", "missing_lines": 12, "excluded_lines": 0, "percent_statements_covered": 76.92307692307692, "percent_statements_covered_display": "77"}, "missing_lines": [241, 242, 255, 256, 257, 263, 264, 265, 266, 267, 268, 269], "excluded_lines": [], "start_line": 199}, "compute_lead_scores": {"executed_lines": [308, 309, 315, 316, 318, 324, 325], "summary": {"covered_lines": 7, "num_statements": 7, "percent_covered": 100.0, "percent_covered_display": "100", "missing_lines": 0, "excluded_lines": 0, "percent_statements_covered": 100.0, "percent_statements_covered_display": "100"}, "missing_lines": [], "excluded_lines": [], "start_line": 287}, "run_phase2_pipeline": {"executed_lines": [338, 343, 354, 363, 364, 365, 368, 375, 379, 380, 381, 382, 385, 386, 387, 388, 391, 392, 393, 394, 397, 398, 399, 402, 404, 405, 415, 417, 418, 419, 424, 425, 426, 428, 430, 440, 441, 442, 443, 446, 447, 448, 449, 450, 451, 452, 454, 456, 457, 458, 459, 460, 462, 463, 464, 466], "summary": {"covered_lines": 56, "num_statements": 58, "percent_covered": 96.55172413793103, "percent_covered_display": "97", "missing_lines": 2, "excluded_lines": 0, "percent_statements_covered": 96.55172413793103, "percent_statements_covered_display": "97"}, "missing_lines": [376, 377], "excluded_lines": [], "start_line": 332}, "": {"executed_lines": [35, 36, 37, 38, 39, 41, 42, 44, 45, 62, 69, 85, 86, 88, 89, 119, 120, 148, 199, 287, 332, 477], "summary": {"covered_lines": 22, "num_statements": 23, "percent_covered": 95.65217391304348, "percent_covered_display": "96", "missing_lines": 1, "excluded_lines": 2, "percent_statements_covered": 95.65217391304348, "percent_statements_covered_display": "96"}, "missing_lines": [478], "excluded_lines": [52, 53], "start_line": 1}}, "classes": {"PAINSFilter": {"executed_lines": [90, 91, 93, 94, 95, 97, 98, 99, 100, 101, 102, 103, 104, 106, 107, 108, 116, 117, 131, 132, 133, 135, 136, 137, 138], "summary": {"covered_lines": 25, "num_statements": 32, "percent_covered": 78.125, "percent_covered_display": "78", "missing_lines": 7, "excluded_lines": 0, "percent_statements_covered": 78.125, "percent_statements_covered_display": "78"}, "missing_lines": [105, 109, 110, 114, 139, 140, 141], "excluded_lines": [], "start_line": 69}, "": {"executed_lines": [35, 36, 37, 38, 39, 41, 42, 44, 45, 62, 69, 85, 86, 88, 89, 119, 120, 148, 167, 168, 169, 170, 171, 173, 174, 175, 176, 178, 184, 185, 187, 188, 189, 192, 199, 213, 214, 215, 217, 219, 220, 221, 222, 223, 224, 225, 226, 227, 228, 229, 231, 232, 236, 237, 239, 240, 244, 246, 247, 249, 251, 252, 253, 254, 259, 260, 261, 271, 272, 273, 275, 276, 277, 278, 280, 287, 308, 309, 315, 316, 318, 324, 325, 332, 338, 343, 354, 363, 364, 365, 368, 375, 379, 380, 381, 382, 385, 386, 387, 388, 391, 392, 393, 394, 397, 398, 399, 402, 404, 405, 415, 417, 418, 419, 424, 425, 426, 428, 430, 440, 441, 442, 443, 446, 447, 448, 449, 450, 451, 452, 454, 456, 457, 458, 459, 460, 462, 463, 464, 466, 477], "summary": {"covered_lines": 141, "num_statements": 156, "percent_covered": 90.38461538461539, "percent_covered_display": "90", "missing_lines": 15, "excluded_lines": 2, "percent_statements_covered": 90.38461538461539, "percent_statements_covered_display": "90"}, "missing_lines": [241, 242, 255, 256, 257, 263, 264, 265, 266, 267, 268, 269, 376, 377, 478], "excluded_lines": [52, 53], "start_line": 1}}}}, "totals": {"covered_lines": 395, "num_statements": 502, "percent_covered": 78.68525896414343, "percent_covered_display": "79", "missing_lines": 107, "excluded_lines": 2, "percent_statements_covered": 78.68525896414343, "percent_statements_covered_display": "79"}}